# JRE version: Java(TM) SE Runtime Environment (17.0.12+8) (build 17.0.12+8-LTS-286)
# Java VM: Java HotSpot(TM) 64-Bit Server VM (17.0.12+8-LTS-286, mixed mode, sharing, tiered, compressed oops, compressed class ptrs, g1 gc, windows-amd64)
GC Precious Log:
 CPUs: 8 total, 8 available
 Memory: 7998M
 Large Page Support: Disabled
 NUMA Support: Disabled
 Compressed Oops: Enabled (Zero based)
 Heap Region Size: 4M
 Heap Min Capacity: 8M
 Heap Initial Capacity: 128M
 Heap Max Capacity: 8G
 Pre-touch: Disabled
 Parallel Workers: 8
 Concurrent Workers: 2
 Concurrent Refinement Workers: 8
 Periodic GC: Disabled
Heap:
 garbage-first heap   total 651264K, used 354961K [0x0000000600000000, 0x0000000800000000)
  region size 4096K, 18 young (73728K), 8 survivors (32768K)
 Metaspace       used 198236K, committed 199680K, reserved 1245184K
  class space    used 25182K, committed 25856K, reserved 1048576K
GC Heap History (20 events):
Event: 159.434 GC heap before
{Heap before GC invocations=70 (full 0):
 garbage-first heap   total 540672K, used 423578K [0x0000000600000000, 0x0000000800000000)
  region size 4096K, 41 young (167936K), 5 survivors (20480K)
 Metaspace       used 161310K, committed 162496K, reserved 1245184K
  class space    used 20483K, committed 21056K, reserved 1048576K
}
Event: 159.452 GC heap after
{Heap after GC invocations=71 (full 0):
 garbage-first heap   total 651264K, used 284507K [0x0000000600000000, 0x0000000800000000)
  region size 4096K, 5 young (20480K), 5 survivors (20480K)
 Metaspace       used 161310K, committed 162496K, reserved 1245184K
  class space    used 20483K, committed 21056K, reserved 1048576K
}
Event: 165.766 GC heap before
{Heap before GC invocations=71 (full 0):
 garbage-first heap   total 651264K, used 501595K [0x0000000600000000, 0x0000000800000000)
  region size 4096K, 58 young (237568K), 5 survivors (20480K)
 Metaspace       used 169418K, committed 170624K, reserved 1245184K
  class space    used 21393K, committed 21952K, reserved 1048576K
}
Event: 165.780 GC heap after
{Heap after GC invocations=72 (full 0):
 garbage-first heap   total 651264K, used 286446K [0x0000000600000000, 0x0000000800000000)
  region size 4096K, 5 young (20480K), 5 survivors (20480K)
 Metaspace       used 169418K, committed 170624K, reserved 1245184K
  class space    used 21393K, committed 21952K, reserved 1048576K
}
Event: 168.539 GC heap before
{Heap before GC invocations=72 (full 0):
 garbage-first heap   total 651264K, used 511726K [0x0000000600000000, 0x0000000800000000)
  region size 4096K, 61 young (249856K), 5 survivors (20480K)
 Metaspace       used 169867K, committed 171136K, reserved 1245184K
  class space    used 21424K, committed 22016K, reserved 1048576K
}
Event: 168.562 GC heap after
{Heap after GC invocations=73 (full 0):
 garbage-first heap   total 651264K, used 301338K [0x0000000600000000, 0x0000000800000000)
  region size 4096K, 5 young (20480K), 5 survivors (20480K)
 Metaspace       used 169867K, committed 171136K, reserved 1245184K
  class space    used 21424K, committed 22016K, reserved 1048576K
}
Event: 176.217 GC heap before
{Heap before GC invocations=73 (full 0):
 garbage-first heap   total 651264K, used 518426K [0x0000000600000000, 0x0000000800000000)
  region size 4096K, 58 young (237568K), 5 survivors (20480K)
 Metaspace       used 182579K, committed 183808K, reserved 1245184K
  class space    used 23269K, committed 23808K, reserved 1048576K
}
Event: 176.234 GC heap after
{Heap after GC invocations=74 (full 0):
 garbage-first heap   total 651264K, used 297306K [0x0000000600000000, 0x0000000800000000)
  region size 4096K, 3 young (12288K), 3 survivors (12288K)
 Metaspace       used 182579K, committed 183808K, reserved 1245184K
  class space    used 23269K, committed 23808K, reserved 1048576K
}
Event: 180.630 GC heap before
{Heap before GC invocations=74 (full 0):
 garbage-first heap   total 651264K, used 522586K [0x0000000600000000, 0x0000000800000000)
  region size 4096K, 59 young (241664K), 3 survivors (12288K)
 Metaspace       used 184663K, committed 185920K, reserved 1245184K
  class space    used 23460K, committed 24064K, reserved 1048576K
}
Event: 180.644 GC heap after
{Heap after GC invocations=75 (full 0):
 garbage-first heap   total 651264K, used 301591K [0x0000000600000000, 0x0000000800000000)
  region size 4096K, 4 young (16384K), 4 survivors (16384K)
 Metaspace       used 184663K, committed 185920K, reserved 1245184K
  class space    used 23460K, committed 24064K, reserved 1048576K
}
Event: 736.233 GC heap before
{Heap before GC invocations=75 (full 0):
 garbage-first heap   total 651264K, used 535063K [0x0000000600000000, 0x0000000800000000)
  region size 4096K, 61 young (249856K), 4 survivors (16384K)
 Metaspace       used 185451K, committed 186688K, reserved 1245184K
  class space    used 23532K, committed 24128K, reserved 1048576K
}
Event: 736.357 GC heap after
{Heap after GC invocations=76 (full 0):
 garbage-first heap   total 651264K, used 301856K [0x0000000600000000, 0x0000000800000000)
  region size 4096K, 4 young (16384K), 4 survivors (16384K)
 Metaspace       used 185451K, committed 186688K, reserved 1245184K
  class space    used 23532K, committed 24128K, reserved 1048576K
}
Event: 812.456 GC heap before
{Heap before GC invocations=76 (full 0):
 garbage-first heap   total 651264K, used 543520K [0x0000000600000000, 0x0000000800000000)
  region size 4096K, 63 young (258048K), 4 survivors (16384K)
 Metaspace       used 185521K, committed 186816K, reserved 1245184K
  class space    used 23535K, committed 24128K, reserved 1048576K
}
Event: 812.660 GC heap after
{Heap after GC invocations=77 (full 0):
 garbage-first heap   total 651264K, used 304349K [0x0000000600000000, 0x0000000800000000)
  region size 4096K, 5 young (20480K), 5 survivors (20480K)
 Metaspace       used 185521K, committed 186816K, reserved 1245184K
  class space    used 23535K, committed 24128K, reserved 1048576K
}
Event: 852.356 GC heap before
{Heap before GC invocations=77 (full 0):
 garbage-first heap   total 651264K, used 546013K [0x0000000600000000, 0x0000000800000000)
  region size 4096K, 64 young (262144K), 5 survivors (20480K)
 Metaspace       used 185526K, committed 186816K, reserved 1245184K
  class space    used 23535K, committed 24128K, reserved 1048576K
}
Event: 852.445 GC heap after
{Heap after GC invocations=78 (full 0):
 garbage-first heap   total 651264K, used 304562K [0x0000000600000000, 0x0000000800000000)
  region size 4096K, 5 young (20480K), 5 survivors (20480K)
 Metaspace       used 185526K, committed 186816K, reserved 1245184K
  class space    used 23535K, committed 24128K, reserved 1048576K
}
Event: 908.535 GC heap before
{Heap before GC invocations=78 (full 0):
 garbage-first heap   total 651264K, used 550322K [0x0000000600000000, 0x0000000800000000)
  region size 4096K, 65 young (266240K), 5 survivors (20480K)
 Metaspace       used 192655K, committed 194048K, reserved 1245184K
  class space    used 24413K, committed 25088K, reserved 1048576K
}
Event: 908.599 GC heap after
{Heap after GC invocations=79 (full 0):
 garbage-first heap   total 651264K, used 308299K [0x0000000600000000, 0x0000000800000000)
  region size 4096K, 6 young (24576K), 6 survivors (24576K)
 Metaspace       used 192655K, committed 194048K, reserved 1245184K
  class space    used 24413K, committed 25088K, reserved 1048576K
}
Event: 917.575 GC heap before
{Heap before GC invocations=79 (full 0):
 garbage-first heap   total 651264K, used 549963K [0x0000000600000000, 0x0000000800000000)
  region size 4096K, 66 young (270336K), 6 survivors (24576K)
 Metaspace       used 197151K, committed 198464K, reserved 1245184K
  class space    used 25026K, committed 25664K, reserved 1048576K
}
Event: 917.625 GC heap after
{Heap after GC invocations=80 (full 0):
 garbage-first heap   total 651264K, used 318097K [0x0000000600000000, 0x0000000800000000)
  region size 4096K, 8 young (32768K), 8 survivors (32768K)
 Metaspace       used 197151K, committed 198464K, reserved 1245184K
  class space    used 25026K, committed 25664K, reserved 1048576K
}

